<?xml version="1.0" encoding="UTF-8"?>
<testsuite xmlns:xsi="http://www.w3.org/2001/XMLSchema-instance" xsi:noNamespaceSchemaLocation="https://maven.apache.org/surefire/maven-surefire-plugin/xsd/surefire-test-report-3.0.xsd" version="3.0" name="com.wex.purchasetransaction.PurchaseTransactionApplicationTests" time="7.118" tests="1" errors="0" skipped="0" failures="0">
  <properties>
[...]
</properties>
  <testcase name="contextLoads" classname="com.wex.purchasetransaction.PurchaseTransactionApplicationTests" time="0.785">
    <system-out><![CDATA[23:52:33.209 [main] INFO org.springframework.test.context.support.AnnotationConfigContextLoaderUtils -- Could not detect default configuration classes for test class [com.wex.purchasetransaction.PurchaseTransactionApplicationTests]: PurchaseTransactionApplicationTests does not declare any static, non-private, non-final, nested classes annotated with @Configuration.
23:52:33.345 [main] INFO org.springframework.boot.test.context.SpringBootTestContextBootstrapper -- Found @SpringBootConfiguration com.wex.purchasetransaction.PurchaseTransactionApplication for test class com.wex.purchasetransaction.PurchaseTransactionApplicationTests

  .   ____          _            __ _ _
 /\\ / ___'_ __ _ _(_)_ __  __ _ \ \ \ \
( ( )\___ | '_ | '_| | '_ \/ _` | \ \ \ \
 \\/  ___)| |_)| | | | | || (_| |  ) ) ) )
  '  |____| .__|_| |_|_| |_\__, | / / / /
 =========|_|==============|___/=/_/_/_/
 :: Spring Boot ::                (v3.1.3)

2023-09-15T23:52:34.131-03:00  INFO 5320 --- [           main] .w.p.PurchaseTransactionApplicationTests : Starting PurchaseTransactionApplicationTests using Java 17.0.8 with PID 5320 (started by Marco A Molinaro in D:\Desenvolvedor\Marco\wex\purchase-transaction-wex)
2023-09-15T23:52:34.134-03:00  INFO 5320 --- [           main] .w.p.PurchaseTransactionApplicationTests : No active profile set, falling back to 1 default profile: "default"
2023-09-15T23:52:35.149-03:00  INFO 5320 --- [           main] .s.d.r.c.RepositoryConfigurationDelegate : Bootstrapping Spring Data JPA repositories in DEFAULT mode.
2023-09-15T23:52:35.236-03:00  INFO 5320 --- [           main] .s.d.r.c.RepositoryConfigurationDelegate : Finished Spring Data repository scanning in 76 ms. Found 1 JPA repository interfaces.
2023-09-15T23:52:35.881-03:00  INFO 5320 --- [           main] o.hibernate.jpa.internal.util.LogHelper  : HHH000204: Processing PersistenceUnitInfo [name: default]
2023-09-15T23:52:35.960-03:00  INFO 5320 --- [           main] org.hibernate.Version                    : HHH000412: Hibernate ORM core version 6.2.7.Final
2023-09-15T23:52:35.964-03:00  INFO 5320 --- [           main] org.hibernate.cfg.Environment            : HHH000406: Using bytecode reflection optimizer
2023-09-15T23:52:36.273-03:00  INFO 5320 --- [           main] o.h.b.i.BytecodeProviderInitiator        : HHH000021: Bytecode provider name : bytebuddy
2023-09-15T23:52:36.461-03:00  INFO 5320 --- [           main] o.s.o.j.p.SpringPersistenceUnitInfo      : No LoadTimeWeaver setup: ignoring JPA class transformer
2023-09-15T23:52:36.482-03:00  INFO 5320 --- [           main] com.zaxxer.hikari.HikariDataSource       : HikariPool-1 - Starting...
2023-09-15T23:52:36.854-03:00  INFO 5320 --- [           main] com.zaxxer.hikari.pool.HikariPool        : HikariPool-1 - Added connection conn0: url=jdbc:h2:file:/data/purchasedb user=SA
2023-09-15T23:52:36.856-03:00  INFO 5320 --- [           main] com.zaxxer.hikari.HikariDataSource       : HikariPool-1 - Start completed.
2023-09-15T23:52:37.214-03:00  INFO 5320 --- [           main] o.h.b.i.BytecodeProviderInitiator        : HHH000021: Bytecode provider name : bytebuddy
2023-09-15T23:52:38.028-03:00  INFO 5320 --- [           main] o.h.e.t.j.p.i.JtaPlatformInitiator       : HHH000490: Using JtaPlatform implementation: [org.hibernate.engine.transaction.jta.platform.internal.NoJtaPlatform]
Hibernate: 
    alter table if exists purchase 
       alter column transaction_date set data type timestamp(6) with time zone
2023-09-15T23:52:38.082-03:00  INFO 5320 --- [           main] j.LocalContainerEntityManagerFactoryBean : Initialized JPA EntityManagerFactory for persistence unit 'default'
2023-09-15T23:52:38.759-03:00  WARN 5320 --- [           main] JpaBaseConfiguration$JpaWebConfiguration : spring.jpa.open-in-view is enabled by default. Therefore, database queries may be performed during view rendering. Explicitly configure spring.jpa.open-in-view to disable this warning
2023-09-15T23:52:39.220-03:00  INFO 5320 --- [           main] o.s.b.a.h2.H2ConsoleAutoConfiguration    : H2 console available at '/h2-console'. Database available at 'jdbc:h2:file:/data/purchasedb'
2023-09-15T23:52:39.281-03:00  INFO 5320 --- [           main] .w.p.PurchaseTransactionApplicationTests : Started PurchaseTransactionApplicationTests in 5.694 seconds (process running for 7.086)
]]></system-out>
  </testcase>
</testsuite>